  main.cpp
  CLASSsocket.cpp
  CLASSsocket_client.cpp
CLASSsocket_client.cpp(86): warning C4267: “参数”: 从“size_t”转换到“int”，可能丢失数据
CLASSsocket_client.cpp(130): warning C4267: “参数”: 从“size_t”转换到“int”，可能丢失数据
CLASSsocket_client.cpp(153): warning C4267: “参数”: 从“size_t”转换到“int”，可能丢失数据
CLASSsocket_client.cpp(182): warning C4267: “参数”: 从“size_t”转换到“int”，可能丢失数据
CLASSsocket_client.cpp(218): warning C4267: “参数”: 从“size_t”转换到“int”，可能丢失数据
  CLASSsocket_server.cpp
CLASSsocket_server.cpp(64): warning C4244: “=”: 从“SOCKET”转换到“int”，可能丢失数据
CLASSsocket_server.cpp(90): warning C4244: “=”: 从“SOCKET”转换到“int”，可能丢失数据
CLASSsocket_server.cpp(193): warning C4267: “参数”: 从“size_t”转换到“int”，可能丢失数据
CLASSsocket_server.cpp(214): warning C4267: “参数”: 从“size_t”转换到“int”，可能丢失数据
CLASSsocket_server.cpp(221): warning C4267: “参数”: 从“size_t”转换到“int”，可能丢失数据
CLASSsocket_server.cpp(225): warning C4267: “参数”: 从“size_t”转换到“int”，可能丢失数据
CLASSsocket_server.cpp(247): warning C4267: “参数”: 从“size_t”转换到“int”，可能丢失数据
CLASSsocket_server.cpp(261): warning C4267: “参数”: 从“size_t”转换到“int”，可能丢失数据
CLASSsocket_server.cpp(276): warning C4267: “参数”: 从“size_t”转换到“int”，可能丢失数据
  正在生成代码
  350 of 452 functions (77.4%) were compiled, the rest were copied from previous compilation.
    131 functions were new in current compilation
    1 functions had inline decision re-evaluated but remain unchanged
  已完成代码的生成
  socket.vcxproj -> E:\c++poject\socket\x64\Release\socket.exe
  socket.vcxproj -> E:\c++poject\socket\x64\Release\socket.pdb (Full PDB)

项目性能摘要:
    29913 毫秒 E:\c++poject\socket\socket\socket.vcxproj   1 次调用
              29913 毫秒 Build                                      1 次调用

目标性能摘要:
        0 毫秒 AfterBuildCompileEvent                     1 次调用
        0 毫秒 GetCopyToOutputDirectoryXamlAppDefs        1 次调用
        0 毫秒 _CheckForCompileOutputs                    1 次调用
        0 毫秒 GetResolvedWinMD                           1 次调用
        0 毫秒 _Manifest                                  1 次调用
        0 毫秒 _SelectedFiles                             1 次调用
        0 毫秒 _Midl                                      1 次调用
        0 毫秒 SelectCustomBuild                          1 次调用
        0 毫秒 _ClCompile                                 1 次调用
        0 毫秒 SelectClCompile                            1 次调用
        0 毫秒 GetReferenceAssemblyPaths                  1 次调用
        0 毫秒 CreateCustomManifestResourceNames          1 次调用
        0 毫秒 ResolveAssemblyReferences                  1 次调用
        0 毫秒 BeforeLink                                 1 次调用
        0 毫秒 AfterBuild                                 1 次调用
        0 毫秒 ComputeCLInputPDBName                      1 次调用
        0 毫秒 ComputeManifestInputsTargets               1 次调用
        0 毫秒 _BuildLinkAction                           1 次调用
        0 毫秒 BeforeResourceCompile                      1 次调用
        0 毫秒 ModifyUnitTestPlatformVersion              1 次调用
        0 毫秒 ResolveReferences                          1 次调用
        0 毫秒 ComputeManifestGeneratedLinkerInputs       1 次调用
        0 毫秒 ComputeCLCompileGeneratedXDCFiles          1 次调用
        0 毫秒 BuildGenerateSources                       1 次调用
        0 毫秒 _CopySourceItemsToOutputDirectory          1 次调用
        0 毫秒 ComputeLinkImportLibraryOutputsForClean    1 次调用
        0 毫秒 GetFrameworkPaths                          1 次调用
        0 毫秒 AfterResourceCompile                       1 次调用
        0 毫秒 _Xsd                                       1 次调用
        0 毫秒 MakeDirsForBscMake                         1 次调用
        0 毫秒 _GenerateSatelliteAssemblyInputs           1 次调用
        0 毫秒 _ResourceCompile                           1 次调用
        0 毫秒 ComputeLinkInputsFromProject               1 次调用
        0 毫秒 Build                                      1 次调用
        0 毫秒 _Link                                      1 次调用
        0 毫秒 BuildLinkTraverse                          1 次调用
        0 毫秒 ComputeRCOutputs                           1 次调用
        0 毫秒 _XdcMake                                   1 次调用
        0 毫秒 CreateSatelliteAssemblies                  1 次调用
        0 毫秒 CopyFilesToOutputDirectory                 1 次调用
        0 毫秒 BuildCompileTraverse                       1 次调用
        0 毫秒 AfterBuildGenerateSources                  1 次调用
        0 毫秒 AfterMidl                                  1 次调用
        0 毫秒 PreLinkEvent                               1 次调用
        0 毫秒 ComputeMIDLGeneratedCompileInputs          1 次调用
        0 毫秒 _PrepareForReferenceResolution             1 次调用
        0 毫秒 AfterResolveReferences                     1 次调用
        0 毫秒 BeforeResolveReferences                    1 次调用
        0 毫秒 ComputeReferenceCLInput                    1 次调用
        0 毫秒 _Deploy                                    1 次调用
        0 毫秒 PreBuildEvent                              1 次调用
        0 毫秒 MakeDirsForMidl                            1 次调用
        0 毫秒 _BscMake                                   1 次调用
        0 毫秒 AfterBuildGenerateSourcesEvent             1 次调用
        0 毫秒 _Appverifier                               1 次调用
        0 毫秒 BuildLink                                  1 次调用
        0 毫秒 ComputeCLCompileGeneratedSbrFiles          1 次调用
        0 毫秒 ResolveSDKReferences                       1 次调用
        0 毫秒 _ALink                                     1 次调用
        0 毫秒 Desktop_PlatformPrepareForBuild            1 次调用
        0 毫秒 _SplitProjectReferencesByFileExistence     1 次调用
        0 毫秒 BuildGenerateSourcesTraverse               1 次调用
        0 毫秒 _BuildGenerateSourcesAction                1 次调用
        0 毫秒 PrepareResourceNames                       1 次调用
        0 毫秒 PrepareForRun                              1 次调用
        0 毫秒 ResolvedXDCMake                            1 次调用
        0 毫秒 AfterLink                                  1 次调用
        0 毫秒 MakeDirsForXdcMake                         1 次调用
        0 毫秒 AfterClCompile                             1 次调用
        0 毫秒 GetInstalledSDKLocations                   1 次调用
        0 毫秒 ComputeRCGeneratedLinkInputs               1 次调用
        0 毫秒 BeforeBuildGenerateSources                 1 次调用
        0 毫秒 BuildCompile                               1 次调用
        0 毫秒 PlatformPrepareForBuild                    1 次调用
        0 毫秒 _BuildCompileAction                        1 次调用
        0 毫秒 MakeDirsForResourceCompile                 1 次调用
        0 毫秒 MakeDirsForCl                              1 次调用
        0 毫秒 ComputeCLOutputs                           1 次调用
        1 毫秒 ExpandSDKReferences                        1 次调用
        1 毫秒 DoLinkOutputFilesMatch                     1 次调用
        1 毫秒 ComputeLegacyManifestEmbedding             1 次调用
        1 毫秒 ComputeCLGeneratedLinkInputs               1 次调用
        1 毫秒 BeforeClCompile                            1 次调用
        1 毫秒 ComputeCustomBuildOutput                   1 次调用
        1 毫秒 MakeDirsForLink                            1 次调用
        1 毫秒 ResolveProjectReferences                   1 次调用
        1 毫秒 _PrepareForBuild                           1 次调用
        1 毫秒 PostBuildEvent                             1 次调用
        1 毫秒 RegisterOutput                             1 次调用
        1 毫秒 AssignTargetPaths                          1 次调用
        1 毫秒 GetCopyToOutputDirectoryItems              1 次调用
        1 毫秒 FixupCLCompileOptions                      1 次调用
        1 毫秒 AssignProjectConfiguration                 1 次调用
        1 毫秒 ComputeLinkSwitches                        1 次调用
        1 毫秒 SplitResourcesByCulture                    1 次调用
        2 毫秒 WarnCompileDuplicatedFilename              1 次调用
        4 毫秒 PrepareForBuild                            1 次调用
        4 毫秒 SetBuildDefaultEnvironmentVariables        1 次调用
       12 毫秒 FinalizeBuildStatus                        1 次调用
       27 毫秒 _CheckForInvalidConfigurationAndPlatform   1 次调用
      116 毫秒 InitializeBuildStatus                      1 次调用
     3156 毫秒 SetCABuildNativeEnvironmentVariables       1 次调用
     8883 毫秒 ClCompile                                  1 次调用
    17685 毫秒 Link                                       1 次调用
